29-12-2024 09:01:11.940 AM [development] warn: Client Warning : Server Down
29-12-2024 09:01:11.950 AM [development] warn: Client Warning : Server Down
29-12-2024 09:18:03.172 AM [development] error: Client Error : Cannot read properties of undefined (reading '0')
29-12-2024 09:18:03.191 AM [development] error: Client Error : Cannot read properties of undefined (reading '0')
29-12-2024 09:18:03.206 AM [development] error: Client Error : Cannot read properties of undefined (reading '0')
29-12-2024 09:18:03.222 AM [development] error: Client Error : Cannot read properties of undefined (reading '0')
29-12-2024 09:18:03.252 AM [development] error: Client Error : App Crashed, caught in Global Error Handler
29-12-2024 09:18:03.264 AM [development] error: Client Error : App Crashed, caught in Global Error Handler
29-12-2024 09:23:24.013 AM [development] error: Client Error : Cannot read properties of undefined (reading '0')
29-12-2024 09:23:24.025 AM [development] error: Client Error : Cannot read properties of undefined (reading '0')
29-12-2024 09:23:24.036 AM [development] error: Client Error : Cannot read properties of undefined (reading '0')
29-12-2024 09:23:24.045 AM [development] error: Client Error : Cannot read properties of undefined (reading '0')
29-12-2024 09:23:24.077 AM [development] error: Client Error : App Crashed, caught in Global Error Handler
29-12-2024 09:23:24.088 AM [development] error: Client Error : App Crashed, caught in Global Error Handler
29-12-2024 12:04:31.345 PM [development] error: Client Error : Cannot read properties of undefined (reading '0')
29-12-2024 12:04:31.363 PM [development] error: Client Error : Cannot read properties of undefined (reading '0')
29-12-2024 12:04:31.379 PM [development] error: Client Error : Cannot read properties of undefined (reading '0')
29-12-2024 12:04:31.394 PM [development] error: Client Error : Cannot read properties of undefined (reading '0')
29-12-2024 12:04:31.477 PM [development] error: Client Error : App Crashed, caught in Global Error Handler
29-12-2024 12:04:31.493 PM [development] error: Client Error : App Crashed, caught in Global Error Handler
29-12-2024 01:37:41.454 PM [development] warn: Client Warning : Server Down
29-12-2024 01:37:41.597 PM [development] warn: Client Warning : Server Down
29-12-2024 01:38:41.252 PM [development] warn: Client Warning : Server Down
29-12-2024 01:38:41.272 PM [development] warn: Client Warning : Server Down
29-12-2024 01:39:25.547 PM [development] warn: Client Warning : Server Down
29-12-2024 01:39:25.569 PM [development] warn: Client Warning : Server Down
29-12-2024 01:40:05.025 PM [development] warn: Client Warning : Server Down
29-12-2024 01:40:05.050 PM [development] warn: Client Warning : Server Down
29-12-2024 05:09:51.906 PM [development] error: Client Error : Cannot read properties of undefined (reading '0')
29-12-2024 05:09:51.923 PM [development] error: Client Error : Cannot read properties of undefined (reading '0')
29-12-2024 05:09:51.936 PM [development] error: Client Error : Cannot read properties of undefined (reading '0')
29-12-2024 05:09:51.949 PM [development] error: Client Error : Cannot read properties of undefined (reading '0')
29-12-2024 05:09:51.991 PM [development] error: Client Error : App Crashed, caught in Global Error Handler
29-12-2024 05:09:52.010 PM [development] error: Client Error : App Crashed, caught in Global Error Handler
