06-09-2024 07:01:23.757 AM [development] warn: Client Warning : Error : 
06-09-2024 07:01:23.793 AM [development] warn: Client Warning : Error : 
06-09-2024 07:02:50.563 AM [development] warn: Client Warning : Unauthorized Access by user : 
06-09-2024 07:02:50.623 AM [development] warn: Client Warning : Unauthorized Access by user : 
06-09-2024 07:04:04.571 AM [development] warn: Client Warning : Unauthorized Access by user : 
06-09-2024 07:04:44.915 AM [development] warn: Client Warning : Unauthorized Access by user : 
06-09-2024 07:06:07.384 AM [development] warn: Client Warning : Unauthorized Access by user : 
06-09-2024 07:06:23.979 AM [development] warn: Client Warning : Error : 
06-09-2024 07:11:55.376 AM [development] warn: Client Warning : Unauthorized Access by user : 
06-09-2024 07:12:21.463 AM [development] warn: Client Warning : Unauthorized Access by user : 
06-09-2024 07:15:22.446 AM [development] warn: Client Warning : Unauthorized Access by user : 
06-09-2024 07:15:42.718 AM [development] warn: Client Warning : Unauthorized Access by user : 
06-09-2024 07:15:42.735 AM [development] warn: Client Warning : Unauthorized Access by user : 
06-09-2024 07:20:22.186 AM [development] error: Client Error : JSON.parse: expected property name or '}' at line 1 column 2 of the JSON data
06-09-2024 07:20:22.206 AM [development] error: Client Error : JSON.parse: expected property name or '}' at line 1 column 2 of the JSON data
06-09-2024 07:20:22.221 AM [development] error: Client Error : JSON.parse: expected property name or '}' at line 1 column 2 of the JSON data
06-09-2024 07:20:22.237 AM [development] error: Client Error : JSON.parse: expected property name or '}' at line 1 column 2 of the JSON data
06-09-2024 07:20:22.278 AM [development] error: Client Error : Global Error : undefined
06-09-2024 07:20:22.291 AM [development] error: Client Error : Global Error : undefined
06-09-2024 07:20:38.267 AM [development] warn: Client Warning : Error : 
06-09-2024 07:21:52.819 AM [development] error: Client Error : JSON.parse: expected property name or '}' at line 1 column 2 of the JSON data
06-09-2024 07:21:52.831 AM [development] error: Client Error : JSON.parse: expected property name or '}' at line 1 column 2 of the JSON data
06-09-2024 07:21:52.843 AM [development] error: Client Error : JSON.parse: expected property name or '}' at line 1 column 2 of the JSON data
06-09-2024 07:21:52.855 AM [development] error: Client Error : JSON.parse: expected property name or '}' at line 1 column 2 of the JSON data
06-09-2024 07:21:52.885 AM [development] error: Client Error : Global Error : undefined
06-09-2024 07:21:52.897 AM [development] error: Client Error : Global Error : undefined
06-09-2024 07:21:55.696 AM [development] warn: Client Warning : Error : 
06-09-2024 07:25:34.050 AM [development] warn: Client Warning : Unauthorized Access by user : 
06-09-2024 07:25:34.098 AM [development] warn: Client Warning : Unauthorized Access by user : 
06-09-2024 07:28:15.650 AM [development] warn: Client Warning : Error : 
06-09-2024 07:31:54.793 AM [development] warn: Client Warning : Error : 
06-09-2024 07:32:36.974 AM [development] warn: Client Warning : Error : 
06-09-2024 07:32:37.039 AM [development] warn: Client Warning : Error : 
06-09-2024 07:33:04.501 AM [development] warn: Client Warning : Error : 
06-09-2024 07:33:10.647 AM [development] warn: Client Warning : Error : 
06-09-2024 07:33:14.602 AM [development] warn: Client Warning : Error : 
06-09-2024 07:33:14.654 AM [development] warn: Client Warning : Error : 
06-09-2024 07:33:35.658 AM [development] warn: Client Warning : Error : 
06-09-2024 07:33:43.358 AM [development] warn: Client Warning : Error : 
06-09-2024 07:33:47.993 AM [development] warn: Client Warning : Error : 
06-09-2024 07:33:48.089 AM [development] warn: Client Warning : Error : 
06-09-2024 07:38:16.005 AM [development] warn: Client Warning : Error : 
06-09-2024 07:38:28.142 AM [development] error: Client Error : responseJSON is not defined
06-09-2024 07:38:28.156 AM [development] error: Client Error : responseJSON is not defined
06-09-2024 07:38:28.168 AM [development] error: Client Error : responseJSON is not defined
06-09-2024 07:38:28.181 AM [development] error: Client Error : responseJSON is not defined
06-09-2024 07:38:28.219 AM [development] error: Client Error : Global Error : undefined
06-09-2024 07:44:10.573 AM [development] warn: Client Warning : Error : 
06-09-2024 07:44:10.640 AM [development] warn: Client Warning : Error : 
06-09-2024 07:44:32.164 AM [development] warn: Client Warning : Error : 
06-09-2024 07:44:32.181 AM [development] warn: Client Warning : Error : 
06-09-2024 07:44:36.837 AM [development] warn: Client Warning : Error : 
06-09-2024 07:44:36.851 AM [development] warn: Client Warning : Error : 
06-09-2024 07:44:42.970 AM [development] warn: Client Warning : Error : 
06-09-2024 07:44:42.986 AM [development] warn: Client Warning : Error : 
06-09-2024 07:44:44.155 AM [development] warn: Client Warning : Error : 
06-09-2024 07:44:44.222 AM [development] warn: Client Warning : Error : 
06-09-2024 07:45:13.143 AM [development] warn: Client Warning : Error : 
06-09-2024 07:45:16.149 AM [development] warn: Client Warning : Error : 
06-09-2024 07:45:16.194 AM [development] warn: Client Warning : Error : 
06-09-2024 07:46:00.116 AM [development] warn: Client Warning : Error : 
06-09-2024 07:46:05.248 AM [development] warn: Client Warning : Error : 
06-09-2024 07:46:05.317 AM [development] warn: Client Warning : Error : 
06-09-2024 07:46:49.955 AM [development] warn: Client Warning : Error : 
06-09-2024 07:47:04.953 AM [development] warn: Client Warning : Error : 
06-09-2024 07:47:06.855 AM [development] warn: Client Warning : Error : 
06-09-2024 07:47:18.105 AM [development] warn: Client Warning : Error : 
06-09-2024 07:47:22.080 AM [development] warn: Client Warning : Error : 
06-09-2024 07:47:25.451 AM [development] warn: Client Warning : Error : 
06-09-2024 07:48:04.179 AM [development] warn: Client Warning : Error : 
06-09-2024 07:48:09.517 AM [development] warn: Client Warning : Error : 
06-09-2024 07:48:15.563 AM [development] warn: Client Warning : Error : 
06-09-2024 07:48:19.276 AM [development] warn: Client Warning : Error : 
06-09-2024 07:48:34.971 AM [development] warn: Client Warning : Error : 
06-09-2024 07:48:40.853 AM [development] warn: Client Warning : Error : 
06-09-2024 07:48:42.513 AM [development] warn: Client Warning : Error : 
06-09-2024 07:48:55.261 AM [development] warn: Client Warning : Error : 
06-09-2024 07:48:59.018 AM [development] warn: Client Warning : Error : 
06-09-2024 07:49:21.322 AM [development] warn: Client Warning : Error : 
06-09-2024 07:50:35.624 AM [development] warn: Client Warning : Error : 
06-09-2024 07:51:24.806 AM [development] warn: Client Warning : Error : 
06-09-2024 07:51:26.726 AM [development] warn: Client Warning : Error : 
06-09-2024 07:51:36.313 AM [development] warn: Client Warning : Error : 
06-09-2024 07:51:37.637 AM [development] warn: Client Warning : Error : 
06-09-2024 07:51:51.981 AM [development] warn: Client Warning : Error : 
06-09-2024 07:52:56.786 AM [development] warn: Client Warning : Error : 
06-09-2024 07:52:56.808 AM [development] warn: Client Warning : Error : 
