26-08-2024 08:02:53.387 AM [development] warn: Client Warning : Unrecognised User trying to access
26-08-2024 08:05:59.447 AM [development] error: Client Error : Error logging in user: 
26-08-2024 08:06:15.029 AM [development] warn: Client Warning : Unrecognised User trying to access
26-08-2024 08:08:06.964 AM [development] error: Client Error : Error logging in user: 
26-08-2024 08:08:51.370 AM [development] warn: Client Warning : Unrecognised User trying to access
26-08-2024 08:09:12.958 AM [development] warn: Client Warning : Unrecognised User trying to access
26-08-2024 08:09:44.138 AM [development] warn: Client Warning : Unrecognised User trying to access
26-08-2024 08:10:03.665 AM [development] warn: Client Warning : Unrecognised User trying to access
26-08-2024 08:10:31.003 AM [development] warn: Client Warning : Unrecognised User trying to access
26-08-2024 08:11:04.265 AM [development] warn: Client Warning : Unrecognised User trying to access
26-08-2024 08:12:51.088 AM [development] error: Client Error : Error logging in user : thevinitguptaa@gmail.com
26-08-2024 08:14:10.558 AM [development] error: Client Error : Error logging in user : thevinitguptaa@gmail.com
26-08-2024 08:14:23.515 AM [development] error: Client Error : Error logging in user : thevinitguptaa@gmail.com
26-08-2024 08:17:14.164 AM [development] error: Client Error : Error logging in user : thevinitguptaa@gmail.com
26-08-2024 08:17:58.192 AM [development] error: Client Error : Error logging in user : thevinitguptaa@gmail.com
26-08-2024 08:18:08.826 AM [development] error: Client Error : Error logging in user : thevinitgupta@gmail.com
26-08-2024 08:24:56.979 AM [development] warn: Client Warning : Unrecognised User trying to access
26-08-2024 08:27:48.619 AM [development] warn: Client Warning : Unrecognised User trying to access
26-08-2024 08:28:24.414 AM [development] warn: Client Warning : Unrecognised User trying to access
26-08-2024 08:29:23.495 AM [development] warn: Client Warning : Unrecognised User trying to access
26-08-2024 08:29:47.746 AM [development] warn: Client Warning : Unrecognised User trying to access
26-08-2024 08:31:07.576 AM [development] warn: Client Warning : Unrecognised User trying to access
26-08-2024 08:32:49.733 AM [development] warn: Client Warning : Error logging in user : thevinitguptaa@gmail.com
