04-09-2024 07:00:10.770 AM [development] warn: Client Warning : Unrecognised User trying to access
04-09-2024 07:00:24.547 AM [development] error: Client Error : NetworkError when attempting to fetch resource.
04-09-2024 07:00:24.567 AM [development] error: Client Error : NetworkError when attempting to fetch resource.
04-09-2024 07:00:24.576 AM [development] error: Client Error : NetworkError when attempting to fetch resource.
04-09-2024 07:00:24.586 AM [development] error: Client Error : NetworkError when attempting to fetch resource.
04-09-2024 07:00:24.629 AM [development] error: Client Error : Global Error : undefined
04-09-2024 07:00:24.664 AM [development] error: Client Error : Global Error : undefined
04-09-2024 07:03:52.871 AM [development] warn: Client Warning : Error : 
04-09-2024 07:03:52.930 AM [development] warn: Client Warning : Not Found : 
04-09-2024 07:04:49.646 AM [development] warn: Client Warning : Error : 
04-09-2024 07:04:49.720 AM [development] warn: Client Warning : Not Found : 
04-09-2024 07:12:52.118 AM [development] warn: Client Warning : Unauthorized Access by user : 
04-09-2024 07:13:01.439 AM [development] warn: Client Warning : Unauthorized Access by user : 
04-09-2024 07:13:01.528 AM [development] warn: Client Warning : Unauthorized Access by user : 
04-09-2024 07:17:47.503 AM [development] warn: Client Warning : Unauthorized Access by user : 
04-09-2024 07:17:47.549 AM [development] warn: Client Warning : Unauthorized Access by user : 
04-09-2024 07:18:50.236 AM [development] warn: Client Warning : Unauthorized Access by user : 
04-09-2024 07:18:50.274 AM [development] warn: Client Warning : Unauthorized Access by user : 
04-09-2024 07:21:26.028 AM [development] warn: Client Warning : Unauthorized Access by user : 
04-09-2024 07:21:26.077 AM [development] warn: Client Warning : Unauthorized Access by user : 
04-09-2024 07:26:37.762 AM [development] warn: Client Warning : Unauthorized Access by user : 
04-09-2024 07:26:37.829 AM [development] warn: Client Warning : Unauthorized Access by user : 
04-09-2024 07:27:20.806 AM [development] warn: Client Warning : Unauthorized Access by user : 
04-09-2024 07:27:20.850 AM [development] warn: Client Warning : Unauthorized Access by user : 
04-09-2024 07:28:54.643 AM [development] warn: Client Warning : Unauthorized Access by user : 
04-09-2024 07:28:54.681 AM [development] warn: Client Warning : Unauthorized Access by user : 
04-09-2024 07:30:43.337 AM [development] warn: Client Warning : Unauthorized Access by user : 
04-09-2024 07:31:00.388 AM [development] warn: Client Warning : Unauthorized Access by user : 
04-09-2024 07:53:32.596 AM [development] warn: Client Warning : Unauthorized Access by user : 
04-09-2024 07:53:33.855 AM [development] warn: Client Warning : Unauthorized Access by user : 
04-09-2024 07:56:13.977 AM [development] warn: Client Warning : Unauthorized Access by user : 
04-09-2024 07:56:15.058 AM [development] warn: Client Warning : Unauthorized Access by user : 
04-09-2024 07:57:00.558 AM [development] warn: Client Warning : Unauthorized Access by user : 
04-09-2024 07:57:01.529 AM [development] warn: Client Warning : Unauthorized Access by user : 
04-09-2024 07:58:18.585 AM [development] warn: Client Warning : Unauthorized Access by user : 
04-09-2024 07:58:19.672 AM [development] warn: Client Warning : Unauthorized Access by user : 
