18-01-2025 12:11:08.985 PM [development] error: Client Error : se is not defined
18-01-2025 12:11:09.088 PM [development] error: Client Error : se is not defined
18-01-2025 12:11:45.599 PM [development] error: Client Error : handle is not defined
18-01-2025 12:11:45.725 PM [development] error: Client Error : handle is not defined
18-01-2025 12:11:48.988 PM [development] error: Client Error : handleQuery is not defined
18-01-2025 12:11:49.030 PM [development] error: Client Error : handleQuery is not defined
18-01-2025 12:11:50.706 PM [development] error: Client Error : handleQueryCa is not defined
18-01-2025 12:11:50.736 PM [development] error: Client Error : handleQueryCa is not defined
18-01-2025 12:11:52.554 PM [development] error: Client Error : handleQueryChange is not defined
18-01-2025 12:11:52.581 PM [development] error: Client Error : handleQueryChange is not defined
18-01-2025 12:12:00.314 PM [development] error: Client Error : e is not defined
18-01-2025 12:12:00.414 PM [development] error: Client Error : e is not defined
18-01-2025 12:12:07.409 PM [development] error: Client Error : e is not defined
18-01-2025 12:12:07.481 PM [development] error: Client Error : e is not defined
18-01-2025 12:12:10.228 PM [development] error: Client Error : e is not defined
18-01-2025 12:12:10.324 PM [development] error: Client Error : e is not defined
18-01-2025 12:12:16.517 PM [development] error: Client Error : e is not defined
18-01-2025 12:12:16.574 PM [development] error: Client Error : e is not defined
18-01-2025 12:12:20.928 PM [development] error: Client Error : e is not defined
18-01-2025 12:12:20.958 PM [development] error: Client Error : e is not defined
18-01-2025 12:12:33.690 PM [development] error: Client Error : e is not defined
18-01-2025 12:12:33.796 PM [development] error: Client Error : e is not defined
18-01-2025 12:12:35.698 PM [development] error: Client Error : e is not defined
18-01-2025 12:12:35.802 PM [development] error: Client Error : e is not defined
18-01-2025 12:12:39.254 PM [development] error: Client Error : e is not defined
18-01-2025 12:12:39.311 PM [development] error: Client Error : e is not defined
18-01-2025 12:12:41.411 PM [development] error: Client Error : e is not defined
18-01-2025 12:12:41.518 PM [development] error: Client Error : e is not defined
18-01-2025 12:12:44.833 PM [development] error: Client Error : e is not defined
18-01-2025 12:12:44.941 PM [development] error: Client Error : e is not defined
18-01-2025 12:15:26.766 PM [development] error: Client Error : han is not defined
18-01-2025 12:15:26.897 PM [development] error: Client Error : han is not defined
18-01-2025 12:20:55.788 PM [development] error: Client Error : useFe is not defined
18-01-2025 12:20:55.913 PM [development] error: Client Error : useFe is not defined
18-01-2025 12:21:04.573 PM [development] error: Client Error : Cannot destructure property 'query' of 'param' as it is undefined.
18-01-2025 12:21:04.847 PM [development] error: Client Error : Cannot destructure property 'query' of 'param' as it is undefined.
18-01-2025 12:21:05.540 PM [development] error: Client Error : Cannot destructure property 'query' of 'param' as it is undefined.
18-01-2025 12:21:05.575 PM [development] error: Client Error : Cannot destructure property 'query' of 'param' as it is undefined.
18-01-2025 12:21:05.672 PM [development] error: Client Error : App Crashed, caught in Global Error Handler
18-01-2025 12:21:05.700 PM [development] error: Client Error : App Crashed, caught in Global Error Handler
18-01-2025 12:28:20.796 PM [development] error: Client Error : handleSearch is not defined
18-01-2025 12:28:20.830 PM [development] error: Client Error : handleSearch is not defined
18-01-2025 12:28:33.552 PM [development] error: Client Error : handleSearch is not defined
18-01-2025 12:28:33.593 PM [development] error: Client Error : handleSearch is not defined
18-01-2025 12:28:42.015 PM [development] error: Client Error : handleSearch is not defined
18-01-2025 12:28:42.084 PM [development] error: Client Error : handleSearch is not defined
18-01-2025 12:28:44.535 PM [development] error: Client Error : handleSearch is not defined
18-01-2025 12:28:44.611 PM [development] error: Client Error : handleSearch is not defined
18-01-2025 12:28:45.802 PM [development] error: Client Error : handleSearch is not defined
18-01-2025 12:28:45.833 PM [development] error: Client Error : handleSearch is not defined
18-01-2025 12:30:09.382 PM [development] error: Client Error : Cannot destructure property 'data' of '(0 , _hooks_useSearchBook__WEBPACK_IMPORTED_MODULE_1__.default)(...)' as it is undefined.
18-01-2025 12:30:09.519 PM [development] error: Client Error : Cannot destructure property 'data' of '(0 , _hooks_useSearchBook__WEBPACK_IMPORTED_MODULE_1__.default)(...)' as it is undefined.
18-01-2025 12:30:11.932 PM [development] error: Client Error : Cannot destructure property 'data' of '(0 , _hooks_useSearchBook__WEBPACK_IMPORTED_MODULE_1__.default)(...)' as it is null.
18-01-2025 12:30:11.988 PM [development] error: Client Error : Cannot destructure property 'data' of '(0 , _hooks_useSearchBook__WEBPACK_IMPORTED_MODULE_1__.default)(...)' as it is null.
18-01-2025 12:30:38.154 PM [development] error: Client Error : boolean is not defined
18-01-2025 12:30:38.237 PM [development] error: Client Error : boolean is not defined
18-01-2025 12:31:13.305 PM [development] error: Client Error : Rendered more hooks than during the previous render.
18-01-2025 12:31:13.365 PM [development] error: Client Error : Rendered more hooks than during the previous render.
18-01-2025 12:35:25.878 PM [development] error: Client Error : ret is not defined
18-01-2025 12:35:26.004 PM [development] error: Client Error : ret is not defined
18-01-2025 12:35:27.513 PM [development] error: Client Error : retry is not defined
18-01-2025 12:35:27.552 PM [development] error: Client Error : retry is not defined
