05-01-2025 12:55:56.537 PM [development] error: Client Error : Logged out, please login again to proceed
05-01-2025 02:10:54.609 PM [development] error: Client Error : useS is not defined
05-01-2025 02:10:54.625 PM [development] error: Client Error : useS is not defined
05-01-2025 02:10:54.638 PM [development] error: Client Error : useS is not defined
05-01-2025 02:10:54.651 PM [development] error: Client Error : useS is not defined
05-01-2025 02:10:54.689 PM [development] error: Client Error : App Crashed, caught in Global Error Handler
05-01-2025 02:10:54.699 PM [development] error: Client Error : App Crashed, caught in Global Error Handler
05-01-2025 02:31:39.803 PM [development] error: Client Error : po is not defined
05-01-2025 02:31:39.836 PM [development] error: Client Error : po is not defined
05-01-2025 02:31:39.855 PM [development] error: Client Error : po is not defined
05-01-2025 02:31:39.872 PM [development] error: Client Error : po is not defined
05-01-2025 02:31:39.921 PM [development] error: Client Error : App Crashed, caught in Global Error Handler
05-01-2025 02:31:39.938 PM [development] error: Client Error : App Crashed, caught in Global Error Handler
05-01-2025 02:33:51.761 PM [development] error: Client Error : Posts is not defined
05-01-2025 02:33:51.833 PM [development] error: Client Error : Posts is not defined
05-01-2025 02:33:51.874 PM [development] error: Client Error : Posts is not defined
05-01-2025 02:33:51.894 PM [development] error: Client Error : Posts is not defined
05-01-2025 02:33:51.949 PM [development] error: Client Error : App Crashed, caught in Global Error Handler
05-01-2025 02:33:51.968 PM [development] error: Client Error : App Crashed, caught in Global Error Handler
05-01-2025 07:05:47.599 PM [development] error: Client Error : Image is not defined
05-01-2025 07:05:47.635 PM [development] error: Client Error : Image is not defined
05-01-2025 07:06:13.198 PM [development] error: Client Error : Image is not defined
05-01-2025 07:06:13.233 PM [development] error: Client Error : Image is not defined
05-01-2025 07:06:21.636 PM [development] error: Client Error : Image is not defined
05-01-2025 07:06:21.668 PM [development] error: Client Error : Image is not defined
05-01-2025 07:07:15.146 PM [development] error: Client Error : Image is not defined
05-01-2025 07:07:15.177 PM [development] error: Client Error : Image is not defined
05-01-2025 07:07:19.103 PM [development] error: Client Error : theme is not defined
05-01-2025 07:07:19.136 PM [development] error: Client Error : theme is not defined
05-01-2025 07:07:25.856 PM [development] error: Client Error : theme is not defined
05-01-2025 07:07:26.580 PM [development] error: Client Error : theme is not defined
05-01-2025 07:07:27.598 PM [development] error: Client Error : theme is not defined
05-01-2025 07:07:28.205 PM [development] error: Client Error : theme is not defined
05-01-2025 07:07:30.083 PM [development] error: Client Error : Failed to construct 'Image': Please use the 'new' operator, this DOM object constructor cannot be called as a function.
05-01-2025 07:07:30.114 PM [development] error: Client Error : Failed to construct 'Image': Please use the 'new' operator, this DOM object constructor cannot be called as a function.
05-01-2025 07:08:06.058 PM [development] error: Client Error : Failed to construct 'Image': Please use the 'new' operator, this DOM object constructor cannot be called as a function.
05-01-2025 07:08:06.180 PM [development] error: Client Error : Failed to construct 'Image': Please use the 'new' operator, this DOM object constructor cannot be called as a function.
05-01-2025 07:08:06.960 PM [development] error: Client Error : Failed to construct 'Image': Please use the 'new' operator, this DOM object constructor cannot be called as a function.
05-01-2025 07:08:06.990 PM [development] error: Client Error : Failed to construct 'Image': Please use the 'new' operator, this DOM object constructor cannot be called as a function.
05-01-2025 07:08:11.094 PM [development] error: Client Error : Failed to construct 'Image': Please use the 'new' operator, this DOM object constructor cannot be called as a function.
05-01-2025 07:08:11.123 PM [development] error: Client Error : Failed to construct 'Image': Please use the 'new' operator, this DOM object constructor cannot be called as a function.
05-01-2025 07:08:28.052 PM [development] error: Client Error : Failed to construct 'Image': Please use the 'new' operator, this DOM object constructor cannot be called as a function.
05-01-2025 07:08:28.187 PM [development] error: Client Error : Failed to construct 'Image': Please use the 'new' operator, this DOM object constructor cannot be called as a function.
05-01-2025 07:08:29.014 PM [development] error: Client Error : Failed to construct 'Image': Please use the 'new' operator, this DOM object constructor cannot be called as a function.
05-01-2025 07:08:29.046 PM [development] error: Client Error : Failed to construct 'Image': Please use the 'new' operator, this DOM object constructor cannot be called as a function.
