29-01-2025 09:04:43.818 AM [development] error: Client Error : useEff is not defined
29-01-2025 09:04:43.925 AM [development] error: Client Error : useEff is not defined
29-01-2025 09:04:46.045 AM [development] error: Client Error : create is not a function
29-01-2025 09:04:46.071 AM [development] error: Client Error : create is not a function
29-01-2025 09:04:49.539 AM [development] error: Client Error : create is not a function
29-01-2025 09:04:49.628 AM [development] error: Client Error : create is not a function
29-01-2025 09:04:51.427 AM [development] error: Client Error : create is not a function
29-01-2025 09:04:51.460 AM [development] error: Client Error : create is not a function
29-01-2025 09:04:53.914 AM [development] error: Client Error : create is not a function
29-01-2025 09:04:53.944 AM [development] error: Client Error : create is not a function
29-01-2025 09:04:57.420 AM [development] error: Client Error : create is not a function
29-01-2025 09:04:57.470 AM [development] error: Client Error : create is not a function
29-01-2025 09:04:58.952 AM [development] error: Client Error : create is not a function
29-01-2025 09:04:58.988 AM [development] error: Client Error : create is not a function
29-01-2025 09:05:01.087 AM [development] error: Client Error : create is not a function
29-01-2025 09:05:01.113 AM [development] error: Client Error : create is not a function
29-01-2025 09:05:08.432 AM [development] error: Client Error : up is not defined
29-01-2025 09:05:08.559 AM [development] error: Client Error : up is not defined
29-01-2025 09:08:28.453 AM [development] error: Client Error : im is not defined
29-01-2025 09:08:28.489 AM [development] error: Client Error : im is not defined
29-01-2025 09:18:33.715 AM [development] error: Client Error : User unauthorized to proceed
29-01-2025 09:19:26.283 AM [development] error: Client Error : User unauthorized to proceed
29-01-2025 09:23:24.795 AM [development] error: Client Error : User unauthorized to proceed
29-01-2025 09:26:39.604 AM [development] error: Client Error : User unauthorized to proceed
29-01-2025 09:30:01.718 AM [development] error: Client Error : User unauthorized to proceed
29-01-2025 09:31:42.746 AM [development] error: Client Error : undefined
