19-01-2025 01:46:04.117 PM [development] warn: Client Warning : Server downtime experienced
19-01-2025 01:46:30.449 PM [development] error: Client Error : Cannot read properties of undefined (reading 'map')
19-01-2025 01:46:30.462 PM [development] error: Client Error : Cannot read properties of undefined (reading 'map')
19-01-2025 01:48:15.618 PM [development] error: Client Error : Cannot read properties of undefined (reading 'map')
19-01-2025 01:48:15.631 PM [development] error: Client Error : Cannot read properties of undefined (reading 'map')
19-01-2025 01:49:15.295 PM [development] error: Client Error : Cannot read properties of undefined (reading 'map')
19-01-2025 01:49:15.307 PM [development] error: Client Error : Cannot read properties of undefined (reading 'map')
19-01-2025 01:51:40.925 PM [development] error: Client Error : Cannot read properties of null (reading 'length')
19-01-2025 01:51:41.012 PM [development] error: Client Error : Cannot read properties of null (reading 'length')
19-01-2025 01:51:50.551 PM [development] error: Client Error : string is not defined
19-01-2025 01:51:50.670 PM [development] error: Client Error : string is not defined
19-01-2025 01:51:56.393 PM [development] error: Client Error : Cannot read properties of null (reading 'length')
19-01-2025 01:51:56.514 PM [development] error: Client Error : Cannot read properties of null (reading 'length')
19-01-2025 01:52:00.590 PM [development] error: Client Error : Cannot read properties of null (reading 'length')
19-01-2025 01:52:00.667 PM [development] error: Client Error : Cannot read properties of null (reading 'length')
19-01-2025 01:52:05.799 PM [development] error: Client Error : Cannot read properties of null (reading 'length')
19-01-2025 01:52:05.888 PM [development] error: Client Error : Cannot read properties of null (reading 'length')
19-01-2025 01:52:09.228 PM [development] error: Client Error : isLoading is not defined
19-01-2025 01:52:09.267 PM [development] error: Client Error : isLoading is not defined
19-01-2025 01:52:13.092 PM [development] error: Client Error : isLoading is not defined
19-01-2025 01:52:13.192 PM [development] error: Client Error : isLoading is not defined
19-01-2025 01:52:19.269 PM [development] error: Client Error : isLoading is not defined
19-01-2025 01:52:19.345 PM [development] error: Client Error : isLoading is not defined
19-01-2025 01:52:24.331 PM [development] error: Client Error : isLoading is not defined
19-01-2025 01:52:24.342 PM [development] error: Client Error : isLoading is not defined
19-01-2025 01:52:24.373 PM [development] error: Client Error : App Crashed, caught in Global Error Handler
19-01-2025 01:52:24.384 PM [development] error: Client Error : App Crashed, caught in Global Error Handler
19-01-2025 01:55:15.217 PM [development] error: Client Error : App Crashed, caught in Global Error Handler
19-01-2025 01:55:15.230 PM [development] error: Client Error : App Crashed, caught in Global Error Handler
19-01-2025 01:58:46.736 PM [development] error: Client Error : Cannot read properties of undefined (reading 'length')
19-01-2025 01:58:46.828 PM [development] error: Client Error : Cannot read properties of undefined (reading 'length')
19-01-2025 01:59:44.376 PM [development] error: Client Error : _data_items.map is not a function
19-01-2025 01:59:44.393 PM [development] error: Client Error : _data_items.map is not a function
19-01-2025 05:56:53.529 PM [development] error: Client Error : handleOptionChange is not defined
19-01-2025 05:56:53.565 PM [development] error: Client Error : handleOptionChange is not defined
19-01-2025 07:51:24.433 PM [development] error: Client Error : getPaginatedData.map is not a function
19-01-2025 07:51:24.501 PM [development] error: Client Error : getPaginatedData.map is not a function
