27-01-2025 08:51:13.720 AM [development] error: Client Error : Failed to execute 'removeChild' on 'Node': The node to be removed is not a child of this node.
27-01-2025 08:51:13.744 AM [development] error: Client Error : Failed to execute 'removeChild' on 'Node': The node to be removed is not a child of this node.
27-01-2025 08:51:19.570 AM [development] error: Client Error : theme is not defined
27-01-2025 08:51:19.603 AM [development] error: Client Error : theme is not defined
27-01-2025 08:51:24.930 AM [development] error: Client Error : theme is not defined
27-01-2025 08:51:24.988 AM [development] error: Client Error : theme is not defined
27-01-2025 08:51:27.427 AM [development] error: Client Error : theme is not defined
27-01-2025 08:51:27.524 AM [development] error: Client Error : theme is not defined
27-01-2025 08:51:33.605 AM [development] error: Client Error : theme is not defined
27-01-2025 08:51:33.614 AM [development] error: Client Error : theme is not defined
27-01-2025 08:51:33.631 AM [development] error: Client Error : App Crashed, caught in Global Error Handler
27-01-2025 08:51:33.644 AM [development] error: Client Error : App Crashed, caught in Global Error Handler
27-01-2025 08:51:36.252 AM [development] error: Client Error : App Crashed, caught in Global Error Handler
27-01-2025 08:51:36.271 AM [development] error: Client Error : App Crashed, caught in Global Error Handler
27-01-2025 08:51:42.702 AM [development] error: Client Error : theme is not defined
27-01-2025 08:51:42.731 AM [development] error: Client Error : theme is not defined
27-01-2025 08:51:42.748 AM [development] error: Client Error : App Crashed, caught in Global Error Handler
27-01-2025 08:51:42.771 AM [development] error: Client Error : App Crashed, caught in Global Error Handler
27-01-2025 08:51:44.148 AM [development] error: Client Error : App Crashed, caught in Global Error Handler
27-01-2025 08:51:44.165 AM [development] error: Client Error : App Crashed, caught in Global Error Handler
27-01-2025 08:53:40.325 AM [development] error: Client Error : Failed to execute 'removeChild' on 'Node': The node to be removed is not a child of this node.
27-01-2025 08:53:40.345 AM [development] error: Client Error : Failed to execute 'removeChild' on 'Node': The node to be removed is not a child of this node.
27-01-2025 09:03:20.952 AM [development] error: Client Error : Failed to execute 'removeChild' on 'Node': The node to be removed is not a child of this node.
27-01-2025 09:03:20.981 AM [development] error: Client Error : Failed to execute 'removeChild' on 'Node': The node to be removed is not a child of this node.
27-01-2025 09:06:14.859 AM [development] error: Client Error : cover is not defined
27-01-2025 09:06:14.975 AM [development] error: Client Error : cover is not defined
27-01-2025 09:19:36.764 AM [development] error: Client Error : SearchBook is not defined
27-01-2025 09:19:36.785 AM [development] error: Client Error : SearchBook is not defined
27-01-2025 09:22:35.824 AM [development] error: Client Error : SearchBook is not defined
27-01-2025 09:22:35.846 AM [development] error: Client Error : SearchBook is not defined
27-01-2025 09:22:38.569 AM [development] error: Client Error : Up is not defined
27-01-2025 09:22:38.623 AM [development] error: Client Error : Up is not defined
27-01-2025 09:25:06.125 AM [development] error: Client Error : openSearchModal is not defined
27-01-2025 09:25:06.230 AM [development] error: Client Error : openSearchModal is not defined
27-01-2025 09:25:14.688 AM [development] error: Client Error : book is not defined
27-01-2025 09:25:14.789 AM [development] error: Client Error : book is not defined
27-01-2025 09:25:21.558 AM [development] error: Client Error : GiBookmark is not defined
27-01-2025 09:25:21.642 AM [development] error: Client Error : GiBookmark is not defined
27-01-2025 09:25:23.853 AM [development] error: Client Error : GiBookmark is not defined
27-01-2025 09:25:23.927 AM [development] error: Client Error : GiBookmark is not defined
27-01-2025 09:25:34.745 AM [development] error: Client Error : GiBookmark is not defined
27-01-2025 09:25:34.764 AM [development] error: Client Error : GiBookmark is not defined
27-01-2025 09:25:34.787 AM [development] error: Client Error : App Crashed, caught in Global Error Handler
27-01-2025 09:25:34.801 AM [development] error: Client Error : App Crashed, caught in Global Error Handler
