09-01-2025 09:08:53.099 AM [development] error: Client Error : Logged out, please login again to proceed
09-01-2025 09:15:15.087 AM [development] error: Client Error : Logged out, please login again to proceed
09-01-2025 09:16:44.317 AM [development] error: Client Error : create is not a function
09-01-2025 09:16:44.356 AM [development] error: Client Error : create is not a function
09-01-2025 09:16:44.386 AM [development] error: Client Error : create is not a function
09-01-2025 09:16:44.424 AM [development] error: Client Error : create is not a function
09-01-2025 09:16:44.535 AM [development] error: Client Error : App Crashed, caught in Global Error Handler
09-01-2025 09:16:44.563 AM [development] error: Client Error : App Crashed, caught in Global Error Handler
09-01-2025 09:17:34.064 AM [development] error: Client Error : Maximum update depth exceeded. This can happen when a component repeatedly calls setState inside componentWillUpdate or componentDidUpdate. React limits the number of nested updates to prevent infinite loops.
09-01-2025 09:17:34.093 AM [development] error: Client Error : Maximum update depth exceeded. This can happen when a component repeatedly calls setState inside componentWillUpdate or componentDidUpdate. React limits the number of nested updates to prevent infinite loops.
09-01-2025 09:17:34.123 AM [development] error: Client Error : Maximum update depth exceeded. This can happen when a component repeatedly calls setState inside componentWillUpdate or componentDidUpdate. React limits the number of nested updates to prevent infinite loops.
09-01-2025 09:17:34.149 AM [development] error: Client Error : Maximum update depth exceeded. This can happen when a component repeatedly calls setState inside componentWillUpdate or componentDidUpdate. React limits the number of nested updates to prevent infinite loops.
09-01-2025 09:17:34.237 AM [development] error: Client Error : App Crashed, caught in Global Error Handler
09-01-2025 09:17:34.266 AM [development] error: Client Error : App Crashed, caught in Global Error Handler
09-01-2025 09:17:38.368 AM [development] error: Client Error : Maximum update depth exceeded. This can happen when a component repeatedly calls setState inside componentWillUpdate or componentDidUpdate. React limits the number of nested updates to prevent infinite loops.
09-01-2025 09:17:38.411 AM [development] error: Client Error : Maximum update depth exceeded. This can happen when a component repeatedly calls setState inside componentWillUpdate or componentDidUpdate. React limits the number of nested updates to prevent infinite loops.
09-01-2025 09:17:38.453 AM [development] error: Client Error : Maximum update depth exceeded. This can happen when a component repeatedly calls setState inside componentWillUpdate or componentDidUpdate. React limits the number of nested updates to prevent infinite loops.
09-01-2025 09:17:38.546 AM [development] error: Client Error : Maximum update depth exceeded. This can happen when a component repeatedly calls setState inside componentWillUpdate or componentDidUpdate. React limits the number of nested updates to prevent infinite loops.
09-01-2025 09:17:38.612 AM [development] error: Client Error : App Crashed, caught in Global Error Handler
09-01-2025 09:17:38.646 AM [development] error: Client Error : App Crashed, caught in Global Error Handler
09-01-2025 09:22:09.132 AM [development] error: Client Error : handleModalClose is not defined
09-01-2025 09:22:09.169 AM [development] error: Client Error : handleModalClose is not defined
09-01-2025 09:22:09.198 AM [development] error: Client Error : handleModalClose is not defined
09-01-2025 09:22:09.224 AM [development] error: Client Error : handleModalClose is not defined
09-01-2025 09:22:09.310 AM [development] error: Client Error : App Crashed, caught in Global Error Handler
09-01-2025 09:22:09.344 AM [development] error: Client Error : App Crashed, caught in Global Error Handler
